{
  "stats": {
    "suites": 1,
    "tests": 2,
    "passes": 2,
    "pending": 0,
    "failures": 0,
    "start": "2022-04-11T11:50:05.455Z",
    "end": "2022-04-11T11:50:27.005Z",
    "duration": 17503,
    "testsRegistered": 2,
    "passPercent": 100,
    "pendingPercent": 0,
    "other": 0,
    "hasOther": false,
    "skipped": 0,
    "hasSkipped": false
  },
  "results": [
    {
      "uuid": "a7aa3a0c-112c-4747-b489-f1abbddcdd44",
      "title": "",
      "fullFile": "cypress/integration/downloadfile.spec.js",
      "file": "cypress/integration/downloadfile.spec.js",
      "beforeHooks": [],
      "afterHooks": [],
      "tests": [],
      "suites": [
        {
          "uuid": "bdffc880-a8ea-43d0-9d98-0a8d6f24632b",
          "title": "File upload and download tests",
          "fullFile": "",
          "file": "",
          "beforeHooks": [],
          "afterHooks": [],
          "tests": [
            {
              "title": "Upload file and download it in Zip format",
              "fullTitle": "File upload and download tests Upload file and download it in Zip format",
              "timedOut": null,
              "duration": 10505,
              "state": "passed",
              "speed": "slow",
              "pass": true,
              "fail": false,
              "pending": false,
              "context": null,
              "code": "cy.get('#fileField').attachFile('fileToUpload.jpg');\ncy.contains('was created').should('be.visible');\ncy.get('[data-bs-target=\"#modalArchive\"]').click({\n  force: true\n});\ncy.contains('Zip').invoke('attr', 'href').then(downloadLink => {\n  cy.log(downloadLink);\n  let dl = \"https://filebin.net/\" + downloadLink;\n  cy.downloadFile(dl, 'mydownloads/zipFiles', 'downloadedFromCypress.zip');\n  cy.readFile('mydownloads/zipFiles/downloadedFromCypress.zip');\n});",
              "err": {},
              "uuid": "2fac6c5e-1e58-4e35-8dae-cca403cad5cb",
              "parentUUID": "bdffc880-a8ea-43d0-9d98-0a8d6f24632b",
              "isHook": false,
              "skipped": false
            },
            {
              "title": "Upload file and download it in Tar format",
              "fullTitle": "File upload and download tests Upload file and download it in Tar format",
              "timedOut": null,
              "duration": 6998,
              "state": "passed",
              "speed": "medium",
              "pass": true,
              "fail": false,
              "pending": false,
              "context": null,
              "code": "cy.get('#fileField').attachFile('fileToUpload.jpg');\ncy.contains('was created').should('be.visible');\ncy.get('[data-bs-target=\"#modalArchive\"]').click();\ncy.contains('Tar').invoke('attr', 'href').then(downloadLink => {\n  cy.log(downloadLink);\n  let dl = \"https://filebin.net\" + downloadLink;\n  cy.downloadFile(dl, 'mydownloads/tarFiles', 'downloadedFromCypress.tar');\n  cy.readFile('mydownloads/tarFiles/downloadedFromCypress.tar');\n});",
              "err": {},
              "uuid": "a488ff8e-7d99-4b5c-92c1-29bffff37268",
              "parentUUID": "bdffc880-a8ea-43d0-9d98-0a8d6f24632b",
              "isHook": false,
              "skipped": false
            }
          ],
          "suites": [],
          "passes": [
            "2fac6c5e-1e58-4e35-8dae-cca403cad5cb",
            "a488ff8e-7d99-4b5c-92c1-29bffff37268"
          ],
          "failures": [],
          "pending": [],
          "skipped": [],
          "duration": 17503,
          "root": false,
          "rootEmpty": false,
          "_timeout": 2000
        }
      ],
      "passes": [],
      "failures": [],
      "pending": [],
      "skipped": [],
      "duration": 0,
      "root": true,
      "rootEmpty": true,
      "_timeout": 2000
    }
  ],
  "meta": {
    "mocha": {
      "version": "7.0.1"
    },
    "mochawesome": {
      "options": {
        "quiet": false,
        "reportFilename": "mochawesome",
        "saveHtml": false,
        "saveJson": true,
        "consoleReporter": "spec",
        "useInlineDiffs": false,
        "code": true
      },
      "version": "7.1.3"
    },
    "marge": {
      "options": {
        "reportDir": "cypress/results",
        "overwrite": false,
        "html": false,
        "json": true
      },
      "version": "6.2.0"
    }
  }
}